<?xml version="1.0" encoding="UTF-8"?>
<!-- Generated by org.testng.reporters.JUnitReportReporter -->
<testsuite hostname="TR-27" failures="0" tests="1" name="sauce_testpkg.Trsaucetest" time="3.386" errors="0" timestamp="2024-10-02T16:59:07 IST" skipped="0">
  <testcase classname="sauce_testpkg.Trsaucetest" name="login" time="3.386"/>
</testsuite> <!-- sauce_testpkg.Trsaucetest -->
