<?xml version="1.0" encoding="UTF-8"?>
<!-- Generated by org.testng.reporters.JUnitReportReporter -->
<testsuite hostname="TR-27" failures="0" tests="1" name="sauce_testpkg.Saucedemotest" time="27.293" errors="0" timestamp="2024-10-11T20:32:12 IST" skipped="0">
  <testcase classname="sauce_testpkg.Saucedemotest" name="verifyLogin" time="27.293"/>
</testsuite> <!-- sauce_testpkg.Saucedemotest -->
